[
  {
    "line": 2,
    "elements": [
      {
        "before": [
          {
            "result": {
              "duration": 4454833800,
              "status": "passed"
            },
            "match": {
              "location": "Hooks.setUp()"
            }
          }
        ],
        "line": 6,
        "name": "User should navigate to computer page successfully",
        "description": "",
        "id": "computer-test;user-should-navigate-to-computer-page-successfully",
        "after": [
          {
            "result": {
              "duration": 647214600,
              "status": "passed"
            },
            "match": {
              "location": "Hooks.tearDown(Scenario)"
            }
          }
        ],
        "type": "scenario",
        "keyword": "Scenario",
        "steps": [
          {
            "result": {
              "duration": 73130400,
              "status": "passed"
            },
            "line": 7,
            "name": "I am on homepage",
            "match": {
              "location": "LoginSteps.iAmOnHomepage()"
            },
            "keyword": "Given "
          },
          {
            "result": {
              "duration": 875716700,
              "status": "passed"
            },
            "line": 8,
            "name": "I click on Computer tab",
            "match": {
              "location": "ComputerSteps.iClickOnComputerTab()"
            },
            "keyword": "When "
          },
          {
            "result": {
              "duration": 32447199,
              "status": "passed"
            },
            "line": 9,
            "name": "I should navigate to computer page successfully",
            "match": {
              "location": "ComputerSteps.iShouldNavigateToComputerPageSuccessfully()"
            },
            "keyword": "Then "
          }
        ]
      },
      {
        "before": [
          {
            "result": {
              "duration": 2562009100,
              "status": "passed"
            },
            "match": {
              "location": "Hooks.setUp()"
            }
          }
        ],
        "line": 12,
        "name": "Verify user should navigate to desktop page successfully",
        "description": "",
        "id": "computer-test;verify-user-should-navigate-to-desktop-page-successfully",
        "after": [
          {
            "result": {
              "duration": 644041001,
              "status": "passed"
            },
            "match": {
              "location": "Hooks.tearDown(Scenario)"
            }
          }
        ],
        "type": "scenario",
        "keyword": "Scenario",
        "steps": [
          {
            "result": {
              "duration": 27401,
              "status": "passed"
            },
            "line": 13,
            "name": "I am on homepage",
            "match": {
              "location": "LoginSteps.iAmOnHomepage()"
            },
            "keyword": "Given "
          },
          {
            "result": {
              "duration": 862936300,
              "status": "passed"
            },
            "line": 14,
            "name": "I click on Computer tab",
            "match": {
              "location": "ComputerSteps.iClickOnComputerTab()"
            },
            "keyword": "When "
          },
          {
            "result": {
              "duration": 371126001,
              "status": "passed"
            },
            "line": 15,
            "name": "I click on Desktops link",
            "match": {
              "location": "ComputerSteps.iClickOnDesktopsLink()"
            },
            "keyword": "And "
          },
          {
            "result": {
              "duration": 37628000,
              "status": "passed"
            },
            "line": 16,
            "name": "I should navigate to Desktops page successfully",
            "match": {
              "location": "ComputerSteps.iShouldNavigateToDesktopsPageSuccessfully()"
            },
            "keyword": "Then "
          }
        ],
        "tags": [
          {
            "line": 11,
            "name": "@Sanity"
          }
        ]
      },
      {
        "before": [
          {
            "result": {
              "duration": 2632885099,
              "status": "passed"
            },
            "match": {
              "location": "Hooks.setUp()"
            }
          }
        ],
        "line": 32,
        "name": "Verify that user should build you own computer and add them to cart successfully",
        "description": "",
        "id": "computer-test;verify-that-user-should-build-you-own-computer-and-add-them-to-cart-successfully;;2",
        "after": [
          {
            "result": {
              "duration": 712876800,
              "status": "passed"
            },
            "match": {
              "location": "Hooks.tearDown(Scenario)"
            }
          }
        ],
        "type": "scenario",
        "keyword": "Scenario Outline",
        "steps": [
          {
            "result": {
              "duration": 21900,
              "status": "passed"
            },
            "line": 19,
            "name": "I am on homepage",
            "match": {
              "location": "LoginSteps.iAmOnHomepage()"
            },
            "keyword": "Given "
          },
          {
            "result": {
              "duration": 864848700,
              "status": "passed"
            },
            "line": 20,
            "name": "I click on Computer tab",
            "match": {
              "location": "ComputerSteps.iClickOnComputerTab()"
            },
            "keyword": "When "
          },
          {
            "result": {
              "duration": 812070300,
              "status": "passed"
            },
            "line": 21,
            "name": "I click on Desktops link",
            "match": {
              "location": "ComputerSteps.iClickOnDesktopsLink()"
            },
            "keyword": "And "
          },
          {
            "result": {
              "duration": 1397014500,
              "status": "passed"
            },
            "line": 22,
            "name": "I click on product name Build your own computer",
            "match": {
              "location": "ComputerSteps.iClickOnProductNameBuildYourOwnComputer()"
            },
            "keyword": "And "
          },
          {
            "result": {
              "duration": 80754100,
              "status": "passed"
            },
            "line": 23,
            "name": "I select processor \"2.2 GHz Intel Pentium Dual-Core E2200\"",
            "match": {
              "arguments": [
                {
                  "val": "2.2 GHz Intel Pentium Dual-Core E2200",
                  "offset": 20
                }
              ],
              "location": "ComputerSteps.iSelectProcessor(String)"
            },
            "matchedColumns": [
              0
            ],
            "keyword": "And "
          },
          {
            "result": {
              "duration": 91534599,
              "status": "passed"
            },
            "line": 24,
            "name": "I select ram \"2 GB\"",
            "match": {
              "arguments": [
                {
                  "val": "2 GB",
                  "offset": 14
                }
              ],
              "location": "ComputerSteps.iSelectRam(String)"
            },
            "matchedColumns": [
              1
            ],
            "keyword": "And "
          },
          {
            "result": {
              "duration": 54767100,
              "status": "passed"
            },
            "line": 25,
            "name": "I select hdd \"320 GB\"",
            "match": {
              "arguments": [
                {
                  "val": "320 GB",
                  "offset": 14
                }
              ],
              "location": "ComputerSteps.iSelectHdd(String)"
            },
            "matchedColumns": [
              2
            ],
            "keyword": "And "
          },
          {
            "result": {
              "duration": 56730400,
              "status": "passed"
            },
            "line": 26,
            "name": "I select OS \"Vista Home [+$50.00]\"",
            "match": {
              "arguments": [
                {
                  "val": "Vista Home [+$50.00]",
                  "offset": 13
                }
              ],
              "location": "ComputerSteps.iSelectOS(String)"
            },
            "matchedColumns": [
              3
            ],
            "keyword": "And "
          },
          {
            "result": {
              "duration": 60721001,
              "status": "passed"
            },
            "line": 27,
            "name": "I select Software \"Microsoft Office [+$50.00]\"",
            "match": {
              "arguments": [
                {
                  "val": "Microsoft Office [+$50.00]",
                  "offset": 19
                }
              ],
              "location": "ComputerSteps.iSelectSoftware(String)"
            },
            "matchedColumns": [
              4
            ],
            "keyword": "And "
          },
          {
            "result": {
              "duration": 40209100,
              "status": "passed"
            },
            "line": 28,
            "name": "I click on add to cart button",
            "match": {
              "location": "ComputerSteps.iClickOnAddToCartButton()"
            },
            "keyword": "And "
          },
          {
            "result": {
              "duration": 276619100,
              "status": "passed"
            },
            "line": 29,
            "name": "I should see product has been added to your shopping cart confirmation message",
            "match": {
              "location": "ComputerSteps.iShouldSeeProductHasBeenAddedToYourShoppingCartConfirmationMessage()"
            },
            "keyword": "Then "
          }
        ],
        "tags": [
          {
            "line": 1,
            "name": "@regression"
          }
        ]
      },
      {
        "before": [
          {
            "result": {
              "duration": 3141628900,
              "status": "passed"
            },
            "match": {
              "location": "Hooks.setUp()"
            }
          }
        ],
        "line": 33,
        "name": "Verify that user should build you own computer and add them to cart successfully",
        "description": "",
        "id": "computer-test;verify-that-user-should-build-you-own-computer-and-add-them-to-cart-successfully;;3",
        "after": [
          {
            "result": {
              "duration": 660601499,
              "status": "passed"
            },
            "match": {
              "location": "Hooks.tearDown(Scenario)"
            }
          }
        ],
        "type": "scenario",
        "keyword": "Scenario Outline",
        "steps": [
          {
            "result": {
              "duration": 13799,
              "status": "passed"
            },
            "line": 19,
            "name": "I am on homepage",
            "match": {
              "location": "LoginSteps.iAmOnHomepage()"
            },
            "keyword": "Given "
          },
          {
            "result": {
              "duration": 467272199,
              "status": "passed"
            },
            "line": 20,
            "name": "I click on Computer tab",
            "match": {
              "location": "ComputerSteps.iClickOnComputerTab()"
            },
            "keyword": "When "
          },
          {
            "result": {
              "duration": 442559700,
              "status": "passed"
            },
            "line": 21,
            "name": "I click on Desktops link",
            "match": {
              "location": "ComputerSteps.iClickOnDesktopsLink()"
            },
            "keyword": "And "
          },
          {
            "result": {
              "duration": 704935600,
              "status": "passed"
            },
            "line": 22,
            "name": "I click on product name Build your own computer",
            "match": {
              "location": "ComputerSteps.iClickOnProductNameBuildYourOwnComputer()"
            },
            "keyword": "And "
          },
          {
            "result": {
              "duration": 80971200,
              "status": "passed"
            },
            "line": 23,
            "name": "I select processor \"2.5 GHz Intel Pentium Dual-Core E2200 [+$15.00]\"",
            "match": {
              "arguments": [
                {
                  "val": "2.5 GHz Intel Pentium Dual-Core E2200 [+$15.00]",
                  "offset": 20
                }
              ],
              "location": "ComputerSteps.iSelectProcessor(String)"
            },
            "matchedColumns": [
              0
            ],
            "keyword": "And "
          },
          {
            "result": {
              "duration": 78518600,
              "status": "passed"
            },
            "line": 24,
            "name": "I select ram \"4GB [+$20.00]\"",
            "match": {
              "arguments": [
                {
                  "val": "4GB [+$20.00]",
                  "offset": 14
                }
              ],
              "location": "ComputerSteps.iSelectRam(String)"
            },
            "matchedColumns": [
              1
            ],
            "keyword": "And "
          },
          {
            "result": {
              "duration": 74385500,
              "status": "passed"
            },
            "line": 25,
            "name": "I select hdd \"400 GB [+$100.00]\"",
            "match": {
              "arguments": [
                {
                  "val": "400 GB [+$100.00]",
                  "offset": 14
                }
              ],
              "location": "ComputerSteps.iSelectHdd(String)"
            },
            "matchedColumns": [
              2
            ],
            "keyword": "And "
          },
          {
            "result": {
              "duration": 67615199,
              "status": "passed"
            },
            "line": 26,
            "name": "I select OS \"Vista Premium [+$60.00]\"",
            "match": {
              "arguments": [
                {
                  "val": "Vista Premium [+$60.00]",
                  "offset": 13
                }
              ],
              "location": "ComputerSteps.iSelectOS(String)"
            },
            "matchedColumns": [
              3
            ],
            "keyword": "And "
          },
          {
            "result": {
              "duration": 77747500,
              "status": "passed"
            },
            "line": 27,
            "name": "I select Software \"Acrobat Reader [+$10.00]\"",
            "match": {
              "arguments": [
                {
                  "val": "Acrobat Reader [+$10.00]",
                  "offset": 19
                }
              ],
              "location": "ComputerSteps.iSelectSoftware(String)"
            },
            "matchedColumns": [
              4
            ],
            "keyword": "And "
          },
          {
            "result": {
              "duration": 44866701,
              "status": "passed"
            },
            "line": 28,
            "name": "I click on add to cart button",
            "match": {
              "location": "ComputerSteps.iClickOnAddToCartButton()"
            },
            "keyword": "And "
          },
          {
            "result": {
              "duration": 661062099,
              "status": "passed"
            },
            "line": 29,
            "name": "I should see product has been added to your shopping cart confirmation message",
            "match": {
              "location": "ComputerSteps.iShouldSeeProductHasBeenAddedToYourShoppingCartConfirmationMessage()"
            },
            "keyword": "Then "
          }
        ],
        "tags": [
          {
            "line": 1,
            "name": "@regression"
          }
        ]
      },
      {
        "before": [
          {
            "result": {
              "duration": 2399417501,
              "status": "passed"
            },
            "match": {
              "location": "Hooks.setUp()"
            }
          }
        ],
        "line": 34,
        "name": "Verify that user should build you own computer and add them to cart successfully",
        "description": "",
        "id": "computer-test;verify-that-user-should-build-you-own-computer-and-add-them-to-cart-successfully;;4",
        "after": [
          {
            "result": {
              "duration": 648582701,
              "status": "passed"
            },
            "match": {
              "location": "Hooks.tearDown(Scenario)"
            }
          }
        ],
        "type": "scenario",
        "keyword": "Scenario Outline",
        "steps": [
          {
            "result": {
              "duration": 13800,
              "status": "passed"
            },
            "line": 19,
            "name": "I am on homepage",
            "match": {
              "location": "LoginSteps.iAmOnHomepage()"
            },
            "keyword": "Given "
          },
          {
            "result": {
              "duration": 422367599,
              "status": "passed"
            },
            "line": 20,
            "name": "I click on Computer tab",
            "match": {
              "location": "ComputerSteps.iClickOnComputerTab()"
            },
            "keyword": "When "
          },
          {
            "result": {
              "duration": 376316000,
              "status": "passed"
            },
            "line": 21,
            "name": "I click on Desktops link",
            "match": {
              "location": "ComputerSteps.iClickOnDesktopsLink()"
            },
            "keyword": "And "
          },
          {
            "result": {
              "duration": 719990500,
              "status": "passed"
            },
            "line": 22,
            "name": "I click on product name Build your own computer",
            "match": {
              "location": "ComputerSteps.iClickOnProductNameBuildYourOwnComputer()"
            },
            "keyword": "And "
          },
          {
            "result": {
              "duration": 69204500,
              "status": "passed"
            },
            "line": 23,
            "name": "I select processor \"2.5 GHz Intel Pentium Dual-Core E2200 [+$15.00]\"",
            "match": {
              "arguments": [
                {
                  "val": "2.5 GHz Intel Pentium Dual-Core E2200 [+$15.00]",
                  "offset": 20
                }
              ],
              "location": "ComputerSteps.iSelectProcessor(String)"
            },
            "matchedColumns": [
              0
            ],
            "keyword": "And "
          },
          {
            "result": {
              "duration": 90246301,
              "status": "passed"
            },
            "line": 24,
            "name": "I select ram \"8GB [+$60.00]\"",
            "match": {
              "arguments": [
                {
                  "val": "8GB [+$60.00]",
                  "offset": 14
                }
              ],
              "location": "ComputerSteps.iSelectRam(String)"
            },
            "matchedColumns": [
              1
            ],
            "keyword": "And "
          },
          {
            "result": {
              "duration": 67318400,
              "status": "passed"
            },
            "line": 25,
            "name": "I select hdd \"320 GB\"",
            "match": {
              "arguments": [
                {
                  "val": "320 GB",
                  "offset": 14
                }
              ],
              "location": "ComputerSteps.iSelectHdd(String)"
            },
            "matchedColumns": [
              2
            ],
            "keyword": "And "
          },
          {
            "result": {
              "duration": 63178801,
              "status": "passed"
            },
            "line": 26,
            "name": "I select OS \"Vista Home [+$50.00]\"",
            "match": {
              "arguments": [
                {
                  "val": "Vista Home [+$50.00]",
                  "offset": 13
                }
              ],
              "location": "ComputerSteps.iSelectOS(String)"
            },
            "matchedColumns": [
              3
            ],
            "keyword": "And "
          },
          {
            "result": {
              "duration": 94253499,
              "status": "passed"
            },
            "line": 27,
            "name": "I select Software \"Total Commander [+$5.00]\"",
            "match": {
              "arguments": [
                {
                  "val": "Total Commander [+$5.00]",
                  "offset": 19
                }
              ],
              "location": "ComputerSteps.iSelectSoftware(String)"
            },
            "matchedColumns": [
              4
            ],
            "keyword": "And "
          },
          {
            "result": {
              "duration": 61141100,
              "status": "passed"
            },
            "line": 28,
            "name": "I click on add to cart button",
            "match": {
              "location": "ComputerSteps.iClickOnAddToCartButton()"
            },
            "keyword": "And "
          },
          {
            "result": {
              "duration": 668041301,
              "status": "passed"
            },
            "line": 29,
            "name": "I should see product has been added to your shopping cart confirmation message",
            "match": {
              "location": "ComputerSteps.iShouldSeeProductHasBeenAddedToYourShoppingCartConfirmationMessage()"
            },
            "keyword": "Then "
          }
        ],
        "tags": [
          {
            "line": 1,
            "name": "@regression"
          }
        ]
      }
    ],
    "name": "Computer Test",
    "description": "As user I want to login into nop commerce website",
    "id": "computer-test",
    "keyword": "Feature",
    "uri": "computer.feature",
    "tags": [
      {
        "line": 1,
        "name": "@regression"
      }
    ]
  },
  {
    "line": 2,
    "elements": [
      {
        "before": [
          {
            "result": {
              "duration": 3312118300,
              "status": "passed"
            },
            "match": {
              "location": "Hooks.setUp()"
            }
          }
        ],
        "line": 6,
        "name": "User should navigate to login page successfully",
        "description": "",
        "id": "login-test;user-should-navigate-to-login-page-successfully",
        "after": [
          {
            "result": {
              "duration": 646762000,
              "status": "passed"
            },
            "match": {
              "location": "Hooks.tearDown(Scenario)"
            }
          }
        ],
        "type": "scenario",
        "keyword": "Scenario",
        "steps": [
          {
            "result": {
              "duration": 18399,
              "status": "passed"
            },
            "line": 7,
            "name": "I am on homepage",
            "match": {
              "location": "LoginSteps.iAmOnHomepage()"
            },
            "keyword": "Given "
          },
          {
            "result": {
              "duration": 367976000,
              "status": "passed"
            },
            "line": 8,
            "name": "I click on login link",
            "match": {
              "location": "LoginSteps.iClickOnLoginLink()"
            },
            "keyword": "When "
          },
          {
            "result": {
              "duration": 39784300,
              "status": "passed"
            },
            "line": 9,
            "name": "I should navigate to login page successfully",
            "match": {
              "location": "LoginSteps.iShouldNavigateToLoginPageSuccessfully()"
            },
            "keyword": "Then "
          }
        ],
        "tags": [
          {
            "line": 5,
            "name": "@smoke"
          }
        ]
      },
      {
        "before": [
          {
            "result": {
              "duration": 2782039900,
              "status": "passed"
            },
            "match": {
              "location": "Hooks.setUp()"
            }
          }
        ],
        "line": 21,
        "name": "Verify the error message with invalid credentials",
        "description": "",
        "id": "login-test;verify-the-error-message-with-invalid-credentials;;2",
        "after": [
          {
            "result": {
              "duration": 643173500,
              "status": "passed"
            },
            "match": {
              "location": "Hooks.tearDown(Scenario)"
            }
          }
        ],
        "type": "scenario",
        "keyword": "Scenario Outline",
        "steps": [
          {
            "result": {
              "duration": 20799,
              "status": "passed"
            },
            "line": 13,
            "name": "I am on homepage",
            "match": {
              "location": "LoginSteps.iAmOnHomepage()"
            },
            "keyword": "Given "
          },
          {
            "result": {
              "duration": 379142800,
              "status": "passed"
            },
            "line": 14,
            "name": "I click on login link",
            "match": {
              "location": "LoginSteps.iClickOnLoginLink()"
            },
            "keyword": "When "
          },
          {
            "result": {
              "duration": 75837500,
              "status": "passed"
            },
            "line": 15,
            "name": "I enter email \"abcd123@gmail.com\"",
            "match": {
              "arguments": [
                {
                  "val": "abcd123@gmail.com",
                  "offset": 15
                }
              ],
              "location": "LoginSteps.iEnterEmail(String)"
            },
            "matchedColumns": [
              0
            ],
            "keyword": "And "
          },
          {
            "result": {
              "duration": 68141700,
              "status": "passed"
            },
            "line": 16,
            "name": "I enter password \"xyz123\"",
            "match": {
              "arguments": [
                {
                  "val": "xyz123",
                  "offset": 18
                }
              ],
              "location": "LoginSteps.iEnterPassword(String)"
            },
            "matchedColumns": [
              1
            ],
            "keyword": "And "
          },
          {
            "result": {
              "duration": 273816300,
              "status": "passed"
            },
            "line": 17,
            "name": "I click on login button",
            "match": {
              "location": "LoginSteps.iClickOnLoginButton()"
            },
            "keyword": "And "
          },
          {
            "result": {
              "duration": 40872001,
              "status": "passed"
            },
            "line": 18,
            "name": "I should besee the error message \"Login was unsuccessful. Please correct the errors and try again.\nNo customer account found\"",
            "match": {
              "arguments": [
                {
                  "val": "Login was unsuccessful. Please correct the errors and try again.\nNo customer account found",
                  "offset": 34
                }
              ],
              "location": "LoginSteps.iShouldBeseeTheErrorMessage(String)"
            },
            "matchedColumns": [
              2
            ],
            "keyword": "Then "
          }
        ],
        "tags": [
          {
            "line": 1,
            "name": "@regression"
          },
          {
            "line": 11,
            "name": "@sanity"
          }
        ]
      },
      {
        "before": [
          {
            "result": {
              "duration": 4365974400,
              "status": "passed"
            },
            "match": {
              "location": "Hooks.setUp()"
            }
          }
        ],
        "line": 22,
        "name": "Verify the error message with invalid credentials",
        "description": "",
        "id": "login-test;verify-the-error-message-with-invalid-credentials;;3",
        "after": [
          {
            "result": {
              "duration": 633760700,
              "status": "passed"
            },
            "match": {
              "location": "Hooks.tearDown(Scenario)"
            }
          }
        ],
        "type": "scenario",
        "keyword": "Scenario Outline",
        "steps": [
          {
            "result": {
              "duration": 15100,
              "status": "passed"
            },
            "line": 13,
            "name": "I am on homepage",
            "match": {
              "location": "LoginSteps.iAmOnHomepage()"
            },
            "keyword": "Given "
          },
          {
            "result": {
              "duration": 356920700,
              "status": "passed"
            },
            "line": 14,
            "name": "I click on login link",
            "match": {
              "location": "LoginSteps.iClickOnLoginLink()"
            },
            "keyword": "When "
          },
          {
            "result": {
              "duration": 77716000,
              "status": "passed"
            },
            "line": 15,
            "name": "I enter email \"xyz123@gmail.com\"",
            "match": {
              "arguments": [
                {
                  "val": "xyz123@gmail.com",
                  "offset": 15
                }
              ],
              "location": "LoginSteps.iEnterEmail(String)"
            },
            "matchedColumns": [
              0
            ],
            "keyword": "And "
          },
          {
            "result": {
              "duration": 65471500,
              "status": "passed"
            },
            "line": 16,
            "name": "I enter password \"abc123\"",
            "match": {
              "arguments": [
                {
                  "val": "abc123",
                  "offset": 18
                }
              ],
              "location": "LoginSteps.iEnterPassword(String)"
            },
            "matchedColumns": [
              1
            ],
            "keyword": "And "
          },
          {
            "result": {
              "duration": 280536100,
              "status": "passed"
            },
            "line": 17,
            "name": "I click on login button",
            "match": {
              "location": "LoginSteps.iClickOnLoginButton()"
            },
            "keyword": "And "
          },
          {
            "result": {
              "duration": 35997500,
              "status": "passed"
            },
            "line": 18,
            "name": "I should besee the error message \"Login was unsuccessful. Please correct the errors and try again.\nNo customer account found\"",
            "match": {
              "arguments": [
                {
                  "val": "Login was unsuccessful. Please correct the errors and try again.\nNo customer account found",
                  "offset": 34
                }
              ],
              "location": "LoginSteps.iShouldBeseeTheErrorMessage(String)"
            },
            "matchedColumns": [
              2
            ],
            "keyword": "Then "
          }
        ],
        "tags": [
          {
            "line": 1,
            "name": "@regression"
          },
          {
            "line": 11,
            "name": "@sanity"
          }
        ]
      },
      {
        "before": [
          {
            "result": {
              "duration": 2491280799,
              "status": "passed"
            },
            "match": {
              "location": "Hooks.setUp()"
            }
          }
        ],
        "line": 23,
        "name": "Verify the error message with invalid credentials",
        "description": "",
        "id": "login-test;verify-the-error-message-with-invalid-credentials;;4",
        "after": [
          {
            "result": {
              "duration": 650912900,
              "status": "passed"
            },
            "match": {
              "location": "Hooks.tearDown(Scenario)"
            }
          }
        ],
        "type": "scenario",
        "keyword": "Scenario Outline",
        "steps": [
          {
            "result": {
              "duration": 48800,
              "status": "passed"
            },
            "line": 13,
            "name": "I am on homepage",
            "match": {
              "location": "LoginSteps.iAmOnHomepage()"
            },
            "keyword": "Given "
          },
          {
            "result": {
              "duration": 804900000,
              "status": "passed"
            },
            "line": 14,
            "name": "I click on login link",
            "match": {
              "location": "LoginSteps.iClickOnLoginLink()"
            },
            "keyword": "When "
          },
          {
            "result": {
              "duration": 79517400,
              "status": "passed"
            },
            "line": 15,
            "name": "I enter email \"adfafasd@gmail.com\"",
            "match": {
              "arguments": [
                {
                  "val": "adfafasd@gmail.com",
                  "offset": 15
                }
              ],
              "location": "LoginSteps.iEnterEmail(String)"
            },
            "matchedColumns": [
              0
            ],
            "keyword": "And "
          },
          {
            "result": {
              "duration": 58893800,
              "status": "passed"
            },
            "line": 16,
            "name": "I enter password \"xyz123\"",
            "match": {
              "arguments": [
                {
                  "val": "xyz123",
                  "offset": 18
                }
              ],
              "location": "LoginSteps.iEnterPassword(String)"
            },
            "matchedColumns": [
              1
            ],
            "keyword": "And "
          },
          {
            "result": {
              "duration": 297206101,
              "status": "passed"
            },
            "line": 17,
            "name": "I click on login button",
            "match": {
              "location": "LoginSteps.iClickOnLoginButton()"
            },
            "keyword": "And "
          },
          {
            "result": {
              "duration": 40333899,
              "status": "passed"
            },
            "line": 18,
            "name": "I should besee the error message \"Login was unsuccessful. Please correct the errors and try again.\nNo customer account found\"",
            "match": {
              "arguments": [
                {
                  "val": "Login was unsuccessful. Please correct the errors and try again.\nNo customer account found",
                  "offset": 34
                }
              ],
              "location": "LoginSteps.iShouldBeseeTheErrorMessage(String)"
            },
            "matchedColumns": [
              2
            ],
            "keyword": "Then "
          }
        ],
        "tags": [
          {
            "line": 1,
            "name": "@regression"
          },
          {
            "line": 11,
            "name": "@sanity"
          }
        ]
      },
      {
        "before": [
          {
            "result": {
              "duration": 2645225801,
              "status": "passed"
            },
            "match": {
              "location": "Hooks.setUp()"
            }
          }
        ],
        "line": 26,
        "name": "User should login successfully with valid credentials",
        "description": "",
        "id": "login-test;user-should-login-successfully-with-valid-credentials",
        "after": [
          {
            "result": {
              "duration": 32410034600,
              "error_message": "org.openqa.selenium.WebDriverException: disconnected: unable to connect to renderer\n  (failed to check if window was closed: disconnected: unable to connect to renderer)\n  (Session info: chrome\u003d108.0.5359.125)\nBuild info: version: \u00274.6.0\u0027, revision: \u002779f1c02ae20\u0027\nSystem info: os.name: \u0027Windows 10\u0027, os.arch: \u0027amd64\u0027, os.version: \u002710.0\u0027, java.version: \u00271.8.0_121\u0027\nDriver info: org.openqa.selenium.chrome.ChromeDriver\nCommand: [07b9582bd561fbb0b8ee151be58a3541, screenshot {}]\nCapabilities {acceptInsecureCerts: false, browserName: chrome, browserVersion: 108.0.5359.125, chrome: {chromedriverVersion: 108.0.5359.71 (1e0e3868ee06..., userDataDir: C:\\Users\\vagad\\AppData\\Loca...}, goog:chromeOptions: {debuggerAddress: localhost:59563}, networkConnectionEnabled: false, pageLoadStrategy: normal, platformName: WINDOWS, proxy: Proxy(), se:cdp: ws://localhost:59563/devtoo..., se:cdpVersion: 108.0.5359.125, setWindowRect: true, strictFileInteractability: false, timeouts: {implicit: 0, pageLoad: 300000, script: 30000}, unhandledPromptBehavior: dismiss and notify, webauthn:extension:credBlob: true, webauthn:extension:largeBlob: true, webauthn:virtualAuthenticators: true}\nSession ID: 07b9582bd561fbb0b8ee151be58a3541\r\n\tat sun.reflect.NativeConstructorAccessorImpl.newInstance0(Native Method)\r\n\tat sun.reflect.NativeConstructorAccessorImpl.newInstance(NativeConstructorAccessorImpl.java:62)\r\n\tat sun.reflect.DelegatingConstructorAccessorImpl.newInstance(DelegatingConstructorAccessorImpl.java:45)\r\n\tat java.lang.reflect.Constructor.newInstance(Constructor.java:423)\r\n\tat org.openqa.selenium.remote.codec.w3c.W3CHttpResponseCodec.createException(W3CHttpResponseCodec.java:200)\r\n\tat org.openqa.selenium.remote.codec.w3c.W3CHttpResponseCodec.decode(W3CHttpResponseCodec.java:133)\r\n\tat org.openqa.selenium.remote.codec.w3c.W3CHttpResponseCodec.decode(W3CHttpResponseCodec.java:53)\r\n\tat org.openqa.selenium.remote.HttpCommandExecutor.execute(HttpCommandExecutor.java:184)\r\n\tat org.openqa.selenium.remote.service.DriverCommandExecutor.invokeExecute(DriverCommandExecutor.java:167)\r\n\tat org.openqa.selenium.remote.service.DriverCommandExecutor.execute(DriverCommandExecutor.java:142)\r\n\tat org.openqa.selenium.remote.RemoteWebDriver.execute(RemoteWebDriver.java:541)\r\n\tat org.openqa.selenium.remote.RemoteWebDriver.execute(RemoteWebDriver.java:596)\r\n\tat org.openqa.selenium.remote.RemoteWebDriver.execute(RemoteWebDriver.java:600)\r\n\tat org.openqa.selenium.remote.RemoteWebDriver.getScreenshotAs(RemoteWebDriver.java:331)\r\n\tat com.nopcommerce.demo.utility.Utility.getScreenshot(Utility.java:332)\r\n\tat com.nopcommerce.demo.cucumber.Hooks.tearDown(Hooks.java:21)\r\n\tat sun.reflect.NativeMethodAccessorImpl.invoke0(Native Method)\r\n\tat sun.reflect.NativeMethodAccessorImpl.invoke(NativeMethodAccessorImpl.java:62)\r\n\tat sun.reflect.DelegatingMethodAccessorImpl.invoke(DelegatingMethodAccessorImpl.java:43)\r\n\tat java.lang.reflect.Method.invoke(Method.java:498)\r\n\tat cucumber.runtime.Utils$1.call(Utils.java:40)\r\n\tat cucumber.runtime.Timeout.timeout(Timeout.java:16)\r\n\tat cucumber.runtime.Utils.invoke(Utils.java:34)\r\n\tat cucumber.runtime.java.JavaHookDefinition.execute(JavaHookDefinition.java:60)\r\n\tat cucumber.runtime.Runtime.runHookIfTagsMatch(Runtime.java:224)\r\n\tat cucumber.runtime.Runtime.runHooks(Runtime.java:212)\r\n\tat cucumber.runtime.Runtime.runAfterHooks(Runtime.java:206)\r\n\tat cucumber.runtime.model.CucumberScenario.run(CucumberScenario.java:46)\r\n\tat cucumber.runtime.junit.ExecutionUnitRunner.run(ExecutionUnitRunner.java:102)\r\n\tat cucumber.runtime.junit.FeatureRunner.runChild(FeatureRunner.java:63)\r\n\tat cucumber.runtime.junit.FeatureRunner.runChild(FeatureRunner.java:18)\r\n\tat org.junit.runners.ParentRunner$3.run(ParentRunner.java:238)\r\n\tat org.junit.runners.ParentRunner$1.schedule(ParentRunner.java:63)\r\n\tat org.junit.runners.ParentRunner.runChildren(ParentRunner.java:236)\r\n\tat org.junit.runners.ParentRunner.access$000(ParentRunner.java:53)\r\n\tat org.junit.runners.ParentRunner$2.evaluate(ParentRunner.java:229)\r\n\tat org.junit.runners.ParentRunner.run(ParentRunner.java:309)\r\n\tat cucumber.runtime.junit.FeatureRunner.run(FeatureRunner.java:70)\r\n\tat cucumber.api.junit.Cucumber.runChild(Cucumber.java:95)\r\n\tat cucumber.api.junit.Cucumber.runChild(Cucumber.java:38)\r\n\tat org.junit.runners.ParentRunner$3.run(ParentRunner.java:238)\r\n\tat org.junit.runners.ParentRunner$1.schedule(ParentRunner.java:63)\r\n\tat org.junit.runners.ParentRunner.runChildren(ParentRunner.java:236)\r\n\tat org.junit.runners.ParentRunner.access$000(ParentRunner.java:53)\r\n\tat org.junit.runners.ParentRunner$2.evaluate(ParentRunner.java:229)\r\n\tat org.junit.internal.runners.statements.RunAfters.evaluate(RunAfters.java:27)\r\n\tat org.junit.runners.ParentRunner.run(ParentRunner.java:309)\r\n\tat cucumber.api.junit.Cucumber.run(Cucumber.java:100)\r\n\tat org.junit.runner.JUnitCore.run(JUnitCore.java:160)\r\n\tat com.intellij.junit4.JUnit4IdeaTestRunner.startRunnerWithArgs(JUnit4IdeaTestRunner.java:69)\r\n\tat com.intellij.rt.junit.IdeaTestRunner$Repeater$1.execute(IdeaTestRunner.java:38)\r\n\tat com.intellij.rt.execution.junit.TestsRepeater.repeat(TestsRepeater.java:11)\r\n\tat com.intellij.rt.junit.IdeaTestRunner$Repeater.startRunnerWithArgs(IdeaTestRunner.java:35)\r\n\tat com.intellij.rt.junit.JUnitStarter.prepareStreamsAndStart(JUnitStarter.java:235)\r\n\tat com.intellij.rt.junit.JUnitStarter.main(JUnitStarter.java:54)\r\n",
              "status": "failed"
            },
            "match": {
              "location": "Hooks.tearDown(Scenario)"
            }
          }
        ],
        "type": "scenario",
        "keyword": "Scenario",
        "steps": [
          {
            "result": {
              "duration": 27201,
              "status": "passed"
            },
            "line": 27,
            "name": "I am on homepage",
            "match": {
              "location": "LoginSteps.iAmOnHomepage()"
            },
            "keyword": "Given "
          },
          {
            "result": {
              "duration": 830727400,
              "status": "passed"
            },
            "line": 28,
            "name": "I click on login link",
            "match": {
              "location": "LoginSteps.iClickOnLoginLink()"
            },
            "keyword": "When "
          },
          {
            "result": {
              "duration": 87285699,
              "status": "passed"
            },
            "line": 29,
            "name": "I enter email \"primeeight@gmail.com\"",
            "match": {
              "arguments": [
                {
                  "val": "primeeight@gmail.com",
                  "offset": 15
                }
              ],
              "location": "LoginSteps.iEnterEmail(String)"
            },
            "keyword": "And "
          },
          {
            "result": {
              "duration": 58716301,
              "status": "passed"
            },
            "line": 30,
            "name": "I enter password \"abc123\"",
            "match": {
              "arguments": [
                {
                  "val": "abc123",
                  "offset": 18
                }
              ],
              "location": "LoginSteps.iEnterPassword(String)"
            },
            "keyword": "And "
          },
          {
            "result": {
              "duration": 275247199,
              "status": "passed"
            },
            "line": 31,
            "name": "I click on login button",
            "match": {
              "location": "LoginSteps.iClickOnLoginButton()"
            },
            "keyword": "And "
          },
          {
            "result": {
              "duration": 28421811400,
              "error_message": "org.openqa.selenium.WebDriverException: disconnected: unable to send message to renderer\n  (failed to check if window was closed: disconnected: unable to connect to renderer)\n  (Session info: chrome\u003d108.0.5359.125)\nBuild info: version: \u00274.6.0\u0027, revision: \u002779f1c02ae20\u0027\nSystem info: os.name: \u0027Windows 10\u0027, os.arch: \u0027amd64\u0027, os.version: \u002710.0\u0027, java.version: \u00271.8.0_121\u0027\nDriver info: org.openqa.selenium.chrome.ChromeDriver\nCommand: [07b9582bd561fbb0b8ee151be58a3541, findElement {using\u003dxpath, value\u003d//a[normalize-space()\u003d\u0027Log out\u0027]}]\nCapabilities {acceptInsecureCerts: false, browserName: chrome, browserVersion: 108.0.5359.125, chrome: {chromedriverVersion: 108.0.5359.71 (1e0e3868ee06..., userDataDir: C:\\Users\\vagad\\AppData\\Loca...}, goog:chromeOptions: {debuggerAddress: localhost:59563}, networkConnectionEnabled: false, pageLoadStrategy: normal, platformName: WINDOWS, proxy: Proxy(), se:cdp: ws://localhost:59563/devtoo..., se:cdpVersion: 108.0.5359.125, setWindowRect: true, strictFileInteractability: false, timeouts: {implicit: 0, pageLoad: 300000, script: 30000}, unhandledPromptBehavior: dismiss and notify, webauthn:extension:credBlob: true, webauthn:extension:largeBlob: true, webauthn:virtualAuthenticators: true}\nSession ID: 07b9582bd561fbb0b8ee151be58a3541\r\n\tat sun.reflect.NativeConstructorAccessorImpl.newInstance0(Native Method)\r\n\tat sun.reflect.NativeConstructorAccessorImpl.newInstance(NativeConstructorAccessorImpl.java:62)\r\n\tat sun.reflect.DelegatingConstructorAccessorImpl.newInstance(DelegatingConstructorAccessorImpl.java:45)\r\n\tat java.lang.reflect.Constructor.newInstance(Constructor.java:423)\r\n\tat org.openqa.selenium.remote.codec.w3c.W3CHttpResponseCodec.createException(W3CHttpResponseCodec.java:200)\r\n\tat org.openqa.selenium.remote.codec.w3c.W3CHttpResponseCodec.decode(W3CHttpResponseCodec.java:133)\r\n\tat org.openqa.selenium.remote.codec.w3c.W3CHttpResponseCodec.decode(W3CHttpResponseCodec.java:53)\r\n\tat org.openqa.selenium.remote.HttpCommandExecutor.execute(HttpCommandExecutor.java:184)\r\n\tat org.openqa.selenium.remote.service.DriverCommandExecutor.invokeExecute(DriverCommandExecutor.java:167)\r\n\tat org.openqa.selenium.remote.service.DriverCommandExecutor.execute(DriverCommandExecutor.java:142)\r\n\tat org.openqa.selenium.remote.RemoteWebDriver.execute(RemoteWebDriver.java:541)\r\n\tat org.openqa.selenium.remote.ElementLocation$ElementFinder$2.findElement(ElementLocation.java:162)\r\n\tat org.openqa.selenium.remote.ElementLocation.findElement(ElementLocation.java:60)\r\n\tat org.openqa.selenium.remote.RemoteWebDriver.findElement(RemoteWebDriver.java:365)\r\n\tat org.openqa.selenium.remote.RemoteWebDriver.findElement(RemoteWebDriver.java:357)\r\n\tat org.openqa.selenium.support.pagefactory.DefaultElementLocator.findElement(DefaultElementLocator.java:70)\r\n\tat org.openqa.selenium.support.pagefactory.internal.LocatingElementHandler.invoke(LocatingElementHandler.java:39)\r\n\tat com.sun.proxy.$Proxy23.isDisplayed(Unknown Source)\r\n\tat com.nopcommerce.demo.pages.HomePage.isLogOutLinkDisplay(HomePage.java:75)\r\n\tat com.nopcommerce.demo.cucumber.steps.LoginSteps.iShouldSeeLogoutLinkIsDisplay(LoginSteps.java:53)\r\n\tat âœ½.Then I should see logout link is display(login.feature:32)\r\n",
              "status": "failed"
            },
            "line": 32,
            "name": "I should see logout link is display",
            "match": {
              "location": "LoginSteps.iShouldSeeLogoutLinkIsDisplay()"
            },
            "keyword": "Then "
          }
        ]
      },
      {
        "before": [
          {
            "result": {
              "duration": 3623532900,
              "status": "passed"
            },
            "match": {
              "location": "Hooks.setUp()"
            }
          }
        ],
        "line": 34,
        "name": "User should Out Successfully",
        "description": "",
        "id": "login-test;user-should-out-successfully",
        "after": [
          {
            "result": {
              "duration": 634165600,
              "status": "passed"
            },
            "match": {
              "location": "Hooks.tearDown(Scenario)"
            }
          }
        ],
        "type": "scenario",
        "keyword": "Scenario",
        "steps": [
          {
            "result": {
              "duration": 29200,
              "status": "passed"
            },
            "line": 35,
            "name": "I am on homepage",
            "match": {
              "location": "LoginSteps.iAmOnHomepage()"
            },
            "keyword": "Given "
          },
          {
            "result": {
              "duration": 818842801,
              "status": "passed"
            },
            "line": 36,
            "name": "I click on login link",
            "match": {
              "location": "LoginSteps.iClickOnLoginLink()"
            },
            "keyword": "When "
          },
          {
            "result": {
              "duration": 80401500,
              "status": "passed"
            },
            "line": 37,
            "name": "I enter email \"primeeight@gmail.com\"",
            "match": {
              "arguments": [
                {
                  "val": "primeeight@gmail.com",
                  "offset": 15
                }
              ],
              "location": "LoginSteps.iEnterEmail(String)"
            },
            "keyword": "And "
          },
          {
            "result": {
              "duration": 74812900,
              "status": "passed"
            },
            "line": 38,
            "name": "I enter password \"abc123\"",
            "match": {
              "arguments": [
                {
                  "val": "abc123",
                  "offset": 18
                }
              ],
              "location": "LoginSteps.iEnterPassword(String)"
            },
            "keyword": "And "
          },
          {
            "result": {
              "duration": 732106301,
              "status": "passed"
            },
            "line": 39,
            "name": "I click on login button",
            "match": {
              "location": "LoginSteps.iClickOnLoginButton()"
            },
            "keyword": "And "
          },
          {
            "result": {
              "duration": 45659601,
              "status": "passed"
            },
            "line": 40,
            "name": "I should see logIn link is display",
            "match": {
              "location": "LoginSteps.iShouldSeeLogInLinkIsDisplay()"
            },
            "keyword": "Then "
          }
        ]
      }
    ],
    "name": "Login Test",
    "description": "As user I want to login into nop commerce website",
    "id": "login-test",
    "keyword": "Feature",
    "uri": "login.feature",
    "tags": [
      {
        "line": 1,
        "name": "@regression"
      }
    ]
  },
  {
    "line": 2,
    "elements": [
      {
        "before": [
          {
            "result": {
              "duration": 3034518999,
              "status": "passed"
            },
            "match": {
              "location": "Hooks.setUp()"
            }
          }
        ],
        "line": 6,
        "name": "User should navigate to register page successfully",
        "description": "",
        "id": "login-test;user-should-navigate-to-register-page-successfully",
        "after": [
          {
            "result": {
              "duration": 818077300,
              "status": "passed"
            },
            "match": {
              "location": "Hooks.tearDown(Scenario)"
            }
          }
        ],
        "type": "scenario",
        "keyword": "Scenario",
        "steps": [
          {
            "result": {
              "duration": 28101,
              "status": "passed"
            },
            "line": 7,
            "name": "I am on homepage",
            "match": {
              "location": "LoginSteps.iAmOnHomepage()"
            },
            "keyword": "Given "
          },
          {
            "result": {
              "duration": 832612200,
              "status": "passed"
            },
            "line": 8,
            "name": "I click on register link",
            "match": {
              "location": "RegisterSteps.iClickOnRegisterLink()"
            },
            "keyword": "When "
          },
          {
            "result": {
              "duration": 231301,
              "error_message": "cucumber.runtime.CucumberException: Arity mismatch: Step Definition \u0027com.nopcommerce.demo.cucumber.steps.RegisterSteps.iShouldSeeText() in file:/C:/Users/vagad/IdeaProjects/com-nopcommerce-demo-cucumber-anisha/target/test-classes/\u0027 with pattern [^I should see \"([^\"]*)\" text$] is declared with 0 parameters. However, the gherkin step has 1 arguments [Register]. \nStep: Then I should see \"Register\" text\r\n\tat cucumber.runtime.StepDefinitionMatch.arityMismatch(StepDefinitionMatch.java:102)\r\n\tat cucumber.runtime.StepDefinitionMatch.transformedArgs(StepDefinitionMatch.java:60)\r\n\tat cucumber.runtime.StepDefinitionMatch.runStep(StepDefinitionMatch.java:37)\r\n\tat cucumber.runtime.Runtime.runStep(Runtime.java:300)\r\n\tat cucumber.runtime.model.StepContainer.runStep(StepContainer.java:44)\r\n\tat cucumber.runtime.model.StepContainer.runSteps(StepContainer.java:39)\r\n\tat cucumber.runtime.model.CucumberScenario.run(CucumberScenario.java:44)\r\n\tat cucumber.runtime.junit.ExecutionUnitRunner.run(ExecutionUnitRunner.java:102)\r\n\tat cucumber.runtime.junit.FeatureRunner.runChild(FeatureRunner.java:63)\r\n\tat cucumber.runtime.junit.FeatureRunner.runChild(FeatureRunner.java:18)\r\n\tat org.junit.runners.ParentRunner$3.run(ParentRunner.java:238)\r\n\tat org.junit.runners.ParentRunner$1.schedule(ParentRunner.java:63)\r\n\tat org.junit.runners.ParentRunner.runChildren(ParentRunner.java:236)\r\n\tat org.junit.runners.ParentRunner.access$000(ParentRunner.java:53)\r\n\tat org.junit.runners.ParentRunner$2.evaluate(ParentRunner.java:229)\r\n\tat org.junit.runners.ParentRunner.run(ParentRunner.java:309)\r\n\tat cucumber.runtime.junit.FeatureRunner.run(FeatureRunner.java:70)\r\n\tat cucumber.api.junit.Cucumber.runChild(Cucumber.java:95)\r\n\tat cucumber.api.junit.Cucumber.runChild(Cucumber.java:38)\r\n\tat org.junit.runners.ParentRunner$3.run(ParentRunner.java:238)\r\n\tat org.junit.runners.ParentRunner$1.schedule(ParentRunner.java:63)\r\n\tat org.junit.runners.ParentRunner.runChildren(ParentRunner.java:236)\r\n\tat org.junit.runners.ParentRunner.access$000(ParentRunner.java:53)\r\n\tat org.junit.runners.ParentRunner$2.evaluate(ParentRunner.java:229)\r\n\tat org.junit.internal.runners.statements.RunAfters.evaluate(RunAfters.java:27)\r\n\tat org.junit.runners.ParentRunner.run(ParentRunner.java:309)\r\n\tat cucumber.api.junit.Cucumber.run(Cucumber.java:100)\r\n\tat org.junit.runner.JUnitCore.run(JUnitCore.java:160)\r\n\tat com.intellij.junit4.JUnit4IdeaTestRunner.startRunnerWithArgs(JUnit4IdeaTestRunner.java:69)\r\n\tat com.intellij.rt.junit.IdeaTestRunner$Repeater$1.execute(IdeaTestRunner.java:38)\r\n\tat com.intellij.rt.execution.junit.TestsRepeater.repeat(TestsRepeater.java:11)\r\n\tat com.intellij.rt.junit.IdeaTestRunner$Repeater.startRunnerWithArgs(IdeaTestRunner.java:35)\r\n\tat com.intellij.rt.junit.JUnitStarter.prepareStreamsAndStart(JUnitStarter.java:235)\r\n\tat com.intellij.rt.junit.JUnitStarter.main(JUnitStarter.java:54)\r\n",
              "status": "failed"
            },
            "line": 9,
            "name": "I should see \"Register\" text",
            "match": {
              "arguments": [
                {
                  "val": "Register",
                  "offset": 14
                }
              ],
              "location": "RegisterSteps.iShouldSeeText()"
            },
            "keyword": "Then "
          }
        ],
        "tags": [
          {
            "line": 5,
            "name": "@smoke"
          }
        ]
      },
      {
        "before": [
          {
            "result": {
              "duration": 2490866699,
              "status": "passed"
            },
            "match": {
              "location": "Hooks.setUp()"
            }
          }
        ],
        "line": 20,
        "name": "Verify that firstname lastname email password and confirm password fields are mandatory",
        "description": "",
        "id": "login-test;verify-that-firstname-lastname-email-password-and-confirm-password-fields-are-mandatory;;2",
        "after": [
          {
            "result": {
              "duration": 786106301,
              "status": "passed"
            },
            "match": {
              "location": "Hooks.tearDown(Scenario)"
            }
          }
        ],
        "type": "scenario",
        "keyword": "Scenario Outline",
        "steps": [
          {
            "result": {
              "duration": 23600,
              "status": "passed"
            },
            "line": 13,
            "name": "I am on homepage",
            "match": {
              "location": "LoginSteps.iAmOnHomepage()"
            },
            "keyword": "Given "
          },
          {
            "result": {
              "duration": 816391499,
              "status": "passed"
            },
            "line": 14,
            "name": "I click on register link",
            "match": {
              "location": "RegisterSteps.iClickOnRegisterLink()"
            },
            "keyword": "When "
          },
          {
            "result": {
              "duration": 66890001,
              "status": "passed"
            },
            "line": 15,
            "name": "I click on register button",
            "match": {
              "location": "RegisterSteps.iClickOnRegisterButton()"
            },
            "keyword": "And "
          },
          {
            "result": {
              "duration": 80236400,
              "error_message": "java.lang.AssertionError: error message is not displayed expected:\u003cnull\u003e but was:\u003cFirstName\u003e\r\n\tat org.junit.Assert.fail(Assert.java:88)\r\n\tat org.junit.Assert.failNotEquals(Assert.java:743)\r\n\tat org.junit.Assert.assertEquals(Assert.java:118)\r\n\tat com.nopcommerce.demo.cucumber.steps.RegisterSteps.iShouldSeeTheErrorMessageForFieldName(RegisterSteps.java:33)\r\n\tat âœ½.Then I should see the error message \"First name is required.\" for fieldName \"FirstName\"(register.feature:16)\r\n",
              "status": "failed"
            },
            "line": 16,
            "name": "I should see the error message \"First name is required.\" for fieldName \"FirstName\"",
            "match": {
              "arguments": [
                {
                  "val": "First name is required.",
                  "offset": 32
                },
                {
                  "val": "FirstName",
                  "offset": 72
                }
              ],
              "location": "RegisterSteps.iShouldSeeTheErrorMessageForFieldName(String,String)"
            },
            "matchedColumns": [
              0,
              1
            ],
            "keyword": "Then "
          }
        ],
        "tags": [
          {
            "line": 1,
            "name": "@regression"
          },
          {
            "line": 11,
            "name": "@sanity"
          }
        ]
      },
      {
        "before": [
          {
            "result": {
              "duration": 2987785100,
              "status": "passed"
            },
            "match": {
              "location": "Hooks.setUp()"
            }
          }
        ],
        "line": 21,
        "name": "Verify that firstname lastname email password and confirm password fields are mandatory",
        "description": "",
        "id": "login-test;verify-that-firstname-lastname-email-password-and-confirm-password-fields-are-mandatory;;3",
        "after": [
          {
            "result": {
              "duration": 768982701,
              "status": "passed"
            },
            "match": {
              "location": "Hooks.tearDown(Scenario)"
            }
          }
        ],
        "type": "scenario",
        "keyword": "Scenario Outline",
        "steps": [
          {
            "result": {
              "duration": 14800,
              "status": "passed"
            },
            "line": 13,
            "name": "I am on homepage",
            "match": {
              "location": "LoginSteps.iAmOnHomepage()"
            },
            "keyword": "Given "
          },
          {
            "result": {
              "duration": 824691700,
              "status": "passed"
            },
            "line": 14,
            "name": "I click on register link",
            "match": {
              "location": "RegisterSteps.iClickOnRegisterLink()"
            },
            "keyword": "When "
          },
          {
            "result": {
              "duration": 66982100,
              "status": "passed"
            },
            "line": 15,
            "name": "I click on register button",
            "match": {
              "location": "RegisterSteps.iClickOnRegisterButton()"
            },
            "keyword": "And "
          },
          {
            "result": {
              "duration": 81303500,
              "error_message": "java.lang.AssertionError: error message is not displayed expected:\u003cnull\u003e but was:\u003cLastName\u003e\r\n\tat org.junit.Assert.fail(Assert.java:88)\r\n\tat org.junit.Assert.failNotEquals(Assert.java:743)\r\n\tat org.junit.Assert.assertEquals(Assert.java:118)\r\n\tat com.nopcommerce.demo.cucumber.steps.RegisterSteps.iShouldSeeTheErrorMessageForFieldName(RegisterSteps.java:33)\r\n\tat âœ½.Then I should see the error message \"Last name is required.\" for fieldName \"LastName\"(register.feature:16)\r\n",
              "status": "failed"
            },
            "line": 16,
            "name": "I should see the error message \"Last name is required.\" for fieldName \"LastName\"",
            "match": {
              "arguments": [
                {
                  "val": "Last name is required.",
                  "offset": 32
                },
                {
                  "val": "LastName",
                  "offset": 71
                }
              ],
              "location": "RegisterSteps.iShouldSeeTheErrorMessageForFieldName(String,String)"
            },
            "matchedColumns": [
              0,
              1
            ],
            "keyword": "Then "
          }
        ],
        "tags": [
          {
            "line": 1,
            "name": "@regression"
          },
          {
            "line": 11,
            "name": "@sanity"
          }
        ]
      },
      {
        "before": [
          {
            "result": {
              "duration": 2505654499,
              "status": "passed"
            },
            "match": {
              "location": "Hooks.setUp()"
            }
          }
        ],
        "line": 22,
        "name": "Verify that firstname lastname email password and confirm password fields are mandatory",
        "description": "",
        "id": "login-test;verify-that-firstname-lastname-email-password-and-confirm-password-fields-are-mandatory;;4",
        "after": [
          {
            "result": {
              "duration": 761981800,
              "status": "passed"
            },
            "match": {
              "location": "Hooks.tearDown(Scenario)"
            }
          }
        ],
        "type": "scenario",
        "keyword": "Scenario Outline",
        "steps": [
          {
            "result": {
              "duration": 17999,
              "status": "passed"
            },
            "line": 13,
            "name": "I am on homepage",
            "match": {
              "location": "LoginSteps.iAmOnHomepage()"
            },
            "keyword": "Given "
          },
          {
            "result": {
              "duration": 817555701,
              "status": "passed"
            },
            "line": 14,
            "name": "I click on register link",
            "match": {
              "location": "RegisterSteps.iClickOnRegisterLink()"
            },
            "keyword": "When "
          },
          {
            "result": {
              "duration": 62333300,
              "status": "passed"
            },
            "line": 15,
            "name": "I click on register button",
            "match": {
              "location": "RegisterSteps.iClickOnRegisterButton()"
            },
            "keyword": "And "
          },
          {
            "result": {
              "duration": 75220100,
              "error_message": "java.lang.AssertionError: error message is not displayed expected:\u003cnull\u003e but was:\u003cEmail\u003e\r\n\tat org.junit.Assert.fail(Assert.java:88)\r\n\tat org.junit.Assert.failNotEquals(Assert.java:743)\r\n\tat org.junit.Assert.assertEquals(Assert.java:118)\r\n\tat com.nopcommerce.demo.cucumber.steps.RegisterSteps.iShouldSeeTheErrorMessageForFieldName(RegisterSteps.java:33)\r\n\tat âœ½.Then I should see the error message \"Email is required.\" for fieldName \"Email\"(register.feature:16)\r\n",
              "status": "failed"
            },
            "line": 16,
            "name": "I should see the error message \"Email is required.\" for fieldName \"Email\"",
            "match": {
              "arguments": [
                {
                  "val": "Email is required.",
                  "offset": 32
                },
                {
                  "val": "Email",
                  "offset": 67
                }
              ],
              "location": "RegisterSteps.iShouldSeeTheErrorMessageForFieldName(String,String)"
            },
            "matchedColumns": [
              0,
              1
            ],
            "keyword": "Then "
          }
        ],
        "tags": [
          {
            "line": 1,
            "name": "@regression"
          },
          {
            "line": 11,
            "name": "@sanity"
          }
        ]
      },
      {
        "before": [
          {
            "result": {
              "duration": 2888541399,
              "status": "passed"
            },
            "match": {
              "location": "Hooks.setUp()"
            }
          }
        ],
        "line": 23,
        "name": "Verify that firstname lastname email password and confirm password fields are mandatory",
        "description": "",
        "id": "login-test;verify-that-firstname-lastname-email-password-and-confirm-password-fields-are-mandatory;;5",
        "after": [
          {
            "result": {
              "duration": 852025899,
              "status": "passed"
            },
            "match": {
              "location": "Hooks.tearDown(Scenario)"
            }
          }
        ],
        "type": "scenario",
        "keyword": "Scenario Outline",
        "steps": [
          {
            "result": {
              "duration": 231499,
              "status": "passed"
            },
            "line": 13,
            "name": "I am on homepage",
            "match": {
              "location": "LoginSteps.iAmOnHomepage()"
            },
            "keyword": "Given "
          },
          {
            "result": {
              "duration": 480099699,
              "status": "passed"
            },
            "line": 14,
            "name": "I click on register link",
            "match": {
              "location": "RegisterSteps.iClickOnRegisterLink()"
            },
            "keyword": "When "
          },
          {
            "result": {
              "duration": 70281001,
              "status": "passed"
            },
            "line": 15,
            "name": "I click on register button",
            "match": {
              "location": "RegisterSteps.iClickOnRegisterButton()"
            },
            "keyword": "And "
          },
          {
            "result": {
              "duration": 77029899,
              "error_message": "java.lang.AssertionError: error message is not displayed expected:\u003cnull\u003e but was:\u003cPassword\u003e\r\n\tat org.junit.Assert.fail(Assert.java:88)\r\n\tat org.junit.Assert.failNotEquals(Assert.java:743)\r\n\tat org.junit.Assert.assertEquals(Assert.java:118)\r\n\tat com.nopcommerce.demo.cucumber.steps.RegisterSteps.iShouldSeeTheErrorMessageForFieldName(RegisterSteps.java:33)\r\n\tat âœ½.Then I should see the error message \"Password is required.\" for fieldName \"Password\"(register.feature:16)\r\n",
              "status": "failed"
            },
            "line": 16,
            "name": "I should see the error message \"Password is required.\" for fieldName \"Password\"",
            "match": {
              "arguments": [
                {
                  "val": "Password is required.",
                  "offset": 32
                },
                {
                  "val": "Password",
                  "offset": 70
                }
              ],
              "location": "RegisterSteps.iShouldSeeTheErrorMessageForFieldName(String,String)"
            },
            "matchedColumns": [
              0,
              1
            ],
            "keyword": "Then "
          }
        ],
        "tags": [
          {
            "line": 1,
            "name": "@regression"
          },
          {
            "line": 11,
            "name": "@sanity"
          }
        ]
      },
      {
        "before": [
          {
            "result": {
              "duration": 1863613800,
              "status": "passed"
            },
            "match": {
              "location": "Hooks.setUp()"
            }
          }
        ],
        "line": 24,
        "name": "Verify that firstname lastname email password and confirm password fields are mandatory",
        "description": "",
        "id": "login-test;verify-that-firstname-lastname-email-password-and-confirm-password-fields-are-mandatory;;6",
        "after": [
          {
            "result": {
              "duration": 806236200,
              "status": "passed"
            },
            "match": {
              "location": "Hooks.tearDown(Scenario)"
            }
          }
        ],
        "type": "scenario",
        "keyword": "Scenario Outline",
        "steps": [
          {
            "result": {
              "duration": 20401,
              "status": "passed"
            },
            "line": 13,
            "name": "I am on homepage",
            "match": {
              "location": "LoginSteps.iAmOnHomepage()"
            },
            "keyword": "Given "
          },
          {
            "result": {
              "duration": 806057301,
              "status": "passed"
            },
            "line": 14,
            "name": "I click on register link",
            "match": {
              "location": "RegisterSteps.iClickOnRegisterLink()"
            },
            "keyword": "When "
          },
          {
            "result": {
              "duration": 69477401,
              "status": "passed"
            },
            "line": 15,
            "name": "I click on register button",
            "match": {
              "location": "RegisterSteps.iClickOnRegisterButton()"
            },
            "keyword": "And "
          },
          {
            "result": {
              "duration": 82218701,
              "error_message": "java.lang.AssertionError: error message is not displayed expected:\u003cnull\u003e but was:\u003cConfirmPassword\u003e\r\n\tat org.junit.Assert.fail(Assert.java:88)\r\n\tat org.junit.Assert.failNotEquals(Assert.java:743)\r\n\tat org.junit.Assert.assertEquals(Assert.java:118)\r\n\tat com.nopcommerce.demo.cucumber.steps.RegisterSteps.iShouldSeeTheErrorMessageForFieldName(RegisterSteps.java:33)\r\n\tat âœ½.Then I should see the error message \"Password is required.\" for fieldName \"ConfirmPassword\"(register.feature:16)\r\n",
              "status": "failed"
            },
            "line": 16,
            "name": "I should see the error message \"Password is required.\" for fieldName \"ConfirmPassword\"",
            "match": {
              "arguments": [
                {
                  "val": "Password is required.",
                  "offset": 32
                },
                {
                  "val": "ConfirmPassword",
                  "offset": 70
                }
              ],
              "location": "RegisterSteps.iShouldSeeTheErrorMessageForFieldName(String,String)"
            },
            "matchedColumns": [
              0,
              1
            ],
            "keyword": "Then "
          }
        ],
        "tags": [
          {
            "line": 1,
            "name": "@regression"
          },
          {
            "line": 11,
            "name": "@sanity"
          }
        ]
      },
      {
        "before": [
          {
            "result": {
              "duration": 2174837900,
              "status": "passed"
            },
            "match": {
              "location": "Hooks.setUp()"
            }
          }
        ],
        "line": 40,
        "name": "User should create account successfully",
        "description": "",
        "id": "login-test;user-should-create-account-successfully;;2",
        "after": [
          {
            "result": {
              "duration": 823465500,
              "status": "passed"
            },
            "match": {
              "location": "Hooks.tearDown(Scenario)"
            }
          }
        ],
        "type": "scenario",
        "keyword": "Scenario Outline",
        "steps": [
          {
            "result": {
              "duration": 24401,
              "status": "passed"
            },
            "line": 27,
            "name": "I am on homepage",
            "match": {
              "location": "LoginSteps.iAmOnHomepage()"
            },
            "keyword": "Given "
          },
          {
            "result": {
              "duration": 911084800,
              "status": "passed"
            },
            "line": 28,
            "name": "I click on register link",
            "match": {
              "location": "RegisterSteps.iClickOnRegisterLink()"
            },
            "keyword": "When "
          },
          {
            "result": {
              "duration": 65350901,
              "status": "passed"
            },
            "line": 29,
            "name": "I select gender\"Female\"",
            "match": {
              "arguments": [
                {
                  "val": "Female",
                  "offset": 16
                }
              ],
              "location": "RegisterSteps.iSelectGender(String)"
            },
            "matchedColumns": [
              0
            ],
            "keyword": "And "
          },
          {
            "result": {
              "duration": 64656400,
              "status": "passed"
            },
            "line": 30,
            "name": "I enter firstname \"Anna\"",
            "match": {
              "arguments": [
                {
                  "val": "Anna",
                  "offset": 19
                }
              ],
              "location": "RegisterSteps.iEnterFirstname(String)"
            },
            "matchedColumns": [
              1
            ],
            "keyword": "And "
          },
          {
            "result": {
              "duration": 71511901,
              "status": "passed"
            },
            "line": 31,
            "name": "I enter lastname \"Smith\"",
            "match": {
              "arguments": [
                {
                  "val": "Smith",
                  "offset": 18
                }
              ],
              "location": "RegisterSteps.iEnterLastname(String)"
            },
            "matchedColumns": [
              2
            ],
            "keyword": "And "
          },
          {
            "result": {
              "duration": 20110921900,
              "error_message": "org.openqa.selenium.NoSuchElementException: Cannot locate option with text: october\nFor documentation on this error, please visit: https://selenium.dev/exceptions/#no_such_element\nBuild info: version: \u00274.6.0\u0027, revision: \u002779f1c02ae20\u0027\nSystem info: os.name: \u0027Windows 10\u0027, os.arch: \u0027amd64\u0027, os.version: \u002710.0\u0027, java.version: \u00271.8.0_121\u0027\nDriver info: driver.version: unknown\r\n\tat org.openqa.selenium.support.ui.Select.selectByVisibleText(Select.java:153)\r\n\tat com.nopcommerce.demo.utility.Utility.selectByVisibleTextFromDropDown(Utility.java:145)\r\n\tat com.nopcommerce.demo.pages.RegisterPage.selectDateOfBirth(RegisterPage.java:108)\r\n\tat com.nopcommerce.demo.cucumber.steps.RegisterSteps.iSelectDateOfBirth(RegisterSteps.java:59)\r\n\tat âœ½.And I select date of birth  \"10\"\"october\"\"1990\"(register.feature:32)\r\n",
              "status": "failed"
            },
            "line": 32,
            "name": "I select date of birth  \"10\"\"october\"\"1990\"",
            "match": {
              "arguments": [
                {
                  "val": "10",
                  "offset": 25
                },
                {
                  "val": "october",
                  "offset": 29
                },
                {
                  "val": "1990",
                  "offset": 38
                }
              ],
              "location": "RegisterSteps.iSelectDateOfBirth(String,String,String)"
            },
            "matchedColumns": [
              3,
              4,
              5
            ],
            "keyword": "And "
          },
          {
            "result": {
              "status": "skipped"
            },
            "line": 33,
            "name": "I enter random email \"\u003cemail\u003e\"",
            "match": {
              "arguments": [
                {
                  "val": "\u003cemail\u003e",
                  "offset": 22
                }
              ],
              "location": "RegisterSteps.iEnterRandomEmail(String)"
            },
            "keyword": "And "
          },
          {
            "result": {
              "status": "skipped"
            },
            "line": 34,
            "name": "I enter password \"abc123\"",
            "match": {
              "arguments": [
                {
                  "val": "abc123",
                  "offset": 18
                }
              ],
              "location": "LoginSteps.iEnterPassword(String)"
            },
            "matchedColumns": [
              6
            ],
            "keyword": "And "
          },
          {
            "result": {
              "status": "skipped"
            },
            "line": 35,
            "name": "I enter confirm password \"abc123\"",
            "match": {
              "arguments": [
                {
                  "val": "abc123",
                  "offset": 26
                }
              ],
              "location": "RegisterSteps.iEnterConfirmPassword(String)"
            },
            "matchedColumns": [
              7
            ],
            "keyword": "And "
          },
          {
            "result": {
              "status": "skipped"
            },
            "line": 36,
            "name": "I click on register button",
            "match": {
              "location": "RegisterSteps.iClickOnRegisterButton()"
            },
            "keyword": "And "
          },
          {
            "result": {
              "status": "skipped"
            },
            "line": 37,
            "name": "I should see registration confirmation message",
            "match": {
              "location": "RegisterSteps.iShouldSeeRegistrationConfirmationMessage()"
            },
            "keyword": "Then "
          }
        ],
        "tags": [
          {
            "line": 1,
            "name": "@regression"
          }
        ]
      }
    ],
    "name": "Login Test",
    "description": "As user I want to login into nop commerce website",
    "id": "login-test",
    "keyword": "Feature",
    "uri": "register.feature",
    "tags": [
      {
        "line": 1,
        "name": "@regression"
      }
    ]
  }
]